[2025-09-27 12:17:14,549] WARNING in _internal:  * Debugger is active!
[2025-09-27 12:17:14,551] INFO in _internal:  * Debugger PIN: 293-505-321
[2025-09-27 12:17:18,843] INFO in _internal: [31m[1mWARNING: This is a development server. Do not use it in a production deployment. Use a production WSGI server instead.[0m
 * Running on http://127.0.0.1:5000
[2025-09-27 12:17:18,844] INFO in _internal: [33mPress CTRL+C to quit[0m
[2025-09-27 12:17:18,845] INFO in _internal:  * Restarting with stat
[2025-09-27 12:17:19,374] WARNING in _internal:  * Debugger is active!
[2025-09-27 12:17:19,376] INFO in _internal:  * Debugger PIN: 293-505-321
[2025-09-27 12:17:29,111] INFO in app: Server started
[2025-09-27 12:17:29,125] INFO in _internal: 127.0.0.1 - - [27/Sep/2025 12:17:29] "GET /recipes HTTP/1.1" 200 -
[2025-09-27 12:17:29,379] INFO in _internal: 127.0.0.1 - - [27/Sep/2025 12:17:29] "[36mGET /static/css/style.css HTTP/1.1[0m" 304 -
[2025-09-27 12:17:29,383] INFO in _internal: 127.0.0.1 - - [27/Sep/2025 12:17:29] "[36mGET /static/images/recipes/butter_chicken.png HTTP/1.1[0m" 304 -
[2025-09-27 12:17:29,409] INFO in _internal: 127.0.0.1 - - [27/Sep/2025 12:17:29] "[36mGET /static/css/recipes-grid.css HTTP/1.1[0m" 304 -
[2025-09-27 12:17:29,412] INFO in _internal: 127.0.0.1 - - [27/Sep/2025 12:17:29] "[36mGET /static/css/footer.css HTTP/1.1[0m" 304 -
[2025-09-27 12:17:29,416] INFO in _internal: 127.0.0.1 - - [27/Sep/2025 12:17:29] "[36mGET /static/images/recipes/chole.png HTTP/1.1[0m" 304 -
[2025-09-27 12:17:29,417] INFO in _internal: 127.0.0.1 - - [27/Sep/2025 12:17:29] "[36mGET /static/images/logo.png HTTP/1.1[0m" 304 -
[2025-09-27 12:17:29,418] INFO in _internal: 127.0.0.1 - - [27/Sep/2025 12:17:29] "[36mGET /static/js/main.js HTTP/1.1[0m" 304 -
[2025-09-27 12:17:29,421] INFO in _internal: 127.0.0.1 - - [27/Sep/2025 12:17:29] "[36mGET /static/css/header.css HTTP/1.1[0m" 304 -
[2025-09-27 12:17:29,432] INFO in _internal: 127.0.0.1 - - [27/Sep/2025 12:17:29] "[36mGET /static/images/recipes/samosa.png HTTP/1.1[0m" 304 -
[2025-09-27 12:17:29,434] INFO in _internal: 127.0.0.1 - - [27/Sep/2025 12:17:29] "[36mGET /static/images/recipes/biryani.png HTTP/1.1[0m" 304 -
[2025-09-27 12:17:29,443] INFO in _internal: 127.0.0.1 - - [27/Sep/2025 12:17:29] "[36mGET /static/images/recipes/kheer.png HTTP/1.1[0m" 304 -
[2025-09-27 12:17:29,448] INFO in _internal: 127.0.0.1 - - [27/Sep/2025 12:17:29] "[36mGET /static/images/recipes/paneer_tikka.png HTTP/1.1[0m" 304 -
[2025-09-27 12:17:29,452] INFO in _internal: 127.0.0.1 - - [27/Sep/2025 12:17:29] "[36mGET /static/images/recipes/rava_idli.png HTTP/1.1[0m" 304 -
[2025-09-27 12:17:29,455] INFO in _internal: 127.0.0.1 - - [27/Sep/2025 12:17:29] "[36mGET /static/images/recipes/baingan_bharta.png HTTP/1.1[0m" 304 -
[2025-09-27 12:17:29,462] INFO in _internal: 127.0.0.1 - - [27/Sep/2025 12:17:29] "[36mGET /static/images/recipes/methi_thepla.png HTTP/1.1[0m" 304 -
[2025-09-27 12:17:29,465] INFO in _internal: 127.0.0.1 - - [27/Sep/2025 12:17:29] "[36mGET /static/images/recipes/rasam.png HTTP/1.1[0m" 304 -
[2025-09-27 12:17:29,467] INFO in _internal: 127.0.0.1 - - [27/Sep/2025 12:17:29] "[36mGET /static/images/recipes/dhokla.png HTTP/1.1[0m" 304 -
[2025-09-27 12:17:29,469] INFO in _internal: 127.0.0.1 - - [27/Sep/2025 12:17:29] "[36mGET /static/images/recipes/fish_curry.png HTTP/1.1[0m" 304 -
[2025-09-27 12:17:29,476] INFO in _internal: 127.0.0.1 - - [27/Sep/2025 12:17:29] "[36mGET /static/images/recipes/chicken_65.png HTTP/1.1[0m" 304 -
[2025-09-27 12:17:29,478] INFO in _internal: 127.0.0.1 - - [27/Sep/2025 12:17:29] "[36mGET /static/images/recipes/pav_bhaji.png HTTP/1.1[0m" 304 -
[2025-09-27 12:17:29,485] INFO in _internal: 127.0.0.1 - - [27/Sep/2025 12:17:29] "[36mGET /static/images/icons/whatsapp.png HTTP/1.1[0m" 304 -
[2025-09-27 12:17:29,487] INFO in _internal: 127.0.0.1 - - [27/Sep/2025 12:17:29] "[36mGET /static/images/icons/instagram.png HTTP/1.1[0m" 304 -
[2025-09-27 12:17:29,488] INFO in _internal: 127.0.0.1 - - [27/Sep/2025 12:17:29] "[36mGET /static/images/icons/mail.png HTTP/1.1[0m" 304 -
[2025-09-27 12:17:29,494] INFO in _internal: 127.0.0.1 - - [27/Sep/2025 12:17:29] "[36mGET /static/images/icons/phone-call.png HTTP/1.1[0m" 304 -
[2025-09-27 12:17:29,645] INFO in _internal: 127.0.0.1 - - [27/Sep/2025 12:17:29] "[36mGET /static/images/favicon.png HTTP/1.1[0m" 304 -
[2025-09-27 12:18:46,568] INFO in _internal:  * Detected change in 'D:\\Tanvi\\python-assignment\\recipe\\app.py', reloading
[2025-09-27 12:18:46,645] INFO in _internal:  * Restarting with stat
[2025-09-27 12:18:53,587] INFO in _internal:  * Restarting with stat
[2025-09-27 12:18:59,453] INFO in _internal:  * Restarting with stat
[2025-09-27 12:19:01,815] INFO in _internal: [31m[1mWARNING: This is a development server. Do not use it in a production deployment. Use a production WSGI server instead.[0m
 * Running on http://127.0.0.1:5000
[2025-09-27 12:19:01,815] INFO in _internal: [33mPress CTRL+C to quit[0m
[2025-09-27 12:19:01,817] INFO in _internal:  * Restarting with stat
[2025-09-27 12:19:02,467] WARNING in _internal:  * Debugger is active!
[2025-09-27 12:19:02,470] INFO in _internal:  * Debugger PIN: 293-505-321
[2025-09-27 12:19:04,207] INFO in app: Server started
[2025-09-27 12:19:04,221] INFO in _internal: 127.0.0.1 - - [27/Sep/2025 12:19:04] "GET /recipes HTTP/1.1" 200 -
[2025-09-27 12:19:04,479] INFO in _internal: 127.0.0.1 - - [27/Sep/2025 12:19:04] "[36mGET /static/css/style.css HTTP/1.1[0m" 304 -
[2025-09-27 12:19:04,483] INFO in _internal: 127.0.0.1 - - [27/Sep/2025 12:19:04] "[36mGET /static/images/recipes/butter_chicken.png HTTP/1.1[0m" 304 -
[2025-09-27 12:19:04,497] INFO in _internal: 127.0.0.1 - - [27/Sep/2025 12:19:04] "[36mGET /static/css/header.css HTTP/1.1[0m" 304 -
[2025-09-27 12:19:04,503] INFO in _internal: 127.0.0.1 - - [27/Sep/2025 12:19:04] "[36mGET /static/css/footer.css HTTP/1.1[0m" 304 -
[2025-09-27 12:19:04,508] INFO in _internal: 127.0.0.1 - - [27/Sep/2025 12:19:04] "[36mGET /static/images/recipes/chole.png HTTP/1.1[0m" 304 -
[2025-09-27 12:19:04,509] INFO in _internal: 127.0.0.1 - - [27/Sep/2025 12:19:04] "[36mGET /static/js/main.js HTTP/1.1[0m" 304 -
[2025-09-27 12:19:04,514] INFO in _internal: 127.0.0.1 - - [27/Sep/2025 12:19:04] "[36mGET /static/images/recipes/samosa.png HTTP/1.1[0m" 304 -
[2025-09-27 12:19:04,515] INFO in _internal: 127.0.0.1 - - [27/Sep/2025 12:19:04] "[36mGET /static/images/logo.png HTTP/1.1[0m" 304 -
[2025-09-27 12:19:04,517] INFO in _internal: 127.0.0.1 - - [27/Sep/2025 12:19:04] "[36mGET /static/css/recipes-grid.css HTTP/1.1[0m" 304 -
[2025-09-27 12:19:04,524] INFO in _internal: 127.0.0.1 - - [27/Sep/2025 12:19:04] "[36mGET /static/images/recipes/biryani.png HTTP/1.1[0m" 304 -
[2025-09-27 12:19:04,534] INFO in _internal: 127.0.0.1 - - [27/Sep/2025 12:19:04] "[36mGET /static/images/recipes/kheer.png HTTP/1.1[0m" 304 -
[2025-09-27 12:19:04,540] INFO in _internal: 127.0.0.1 - - [27/Sep/2025 12:19:04] "[36mGET /static/images/recipes/paneer_tikka.png HTTP/1.1[0m" 304 -
[2025-09-27 12:19:04,546] INFO in _internal: 127.0.0.1 - - [27/Sep/2025 12:19:04] "[36mGET /static/images/recipes/rava_idli.png HTTP/1.1[0m" 304 -
[2025-09-27 12:19:04,552] INFO in _internal: 127.0.0.1 - - [27/Sep/2025 12:19:04] "[36mGET /static/images/recipes/rasam.png HTTP/1.1[0m" 304 -
[2025-09-27 12:19:04,559] INFO in _internal: 127.0.0.1 - - [27/Sep/2025 12:19:04] "[36mGET /static/images/recipes/pav_bhaji.png HTTP/1.1[0m" 304 -
[2025-09-27 12:19:04,563] INFO in _internal: 127.0.0.1 - - [27/Sep/2025 12:19:04] "[36mGET /static/images/recipes/baingan_bharta.png HTTP/1.1[0m" 304 -
[2025-09-27 12:19:04,574] INFO in _internal: 127.0.0.1 - - [27/Sep/2025 12:19:04] "[36mGET /static/images/recipes/chicken_65.png HTTP/1.1[0m" 304 -
[2025-09-27 12:19:04,576] INFO in _internal: 127.0.0.1 - - [27/Sep/2025 12:19:04] "[36mGET /static/images/recipes/dhokla.png HTTP/1.1[0m" 304 -
[2025-09-27 12:19:04,580] INFO in _internal: 127.0.0.1 - - [27/Sep/2025 12:19:04] "[36mGET /static/images/recipes/fish_curry.png HTTP/1.1[0m" 304 -
[2025-09-27 12:19:04,586] INFO in _internal: 127.0.0.1 - - [27/Sep/2025 12:19:04] "[36mGET /static/images/recipes/methi_thepla.png HTTP/1.1[0m" 304 -
[2025-09-27 12:19:04,609] INFO in _internal: 127.0.0.1 - - [27/Sep/2025 12:19:04] "[36mGET /static/images/icons/whatsapp.png HTTP/1.1[0m" 304 -
[2025-09-27 12:19:04,610] INFO in _internal: 127.0.0.1 - - [27/Sep/2025 12:19:04] "[36mGET /static/images/icons/instagram.png HTTP/1.1[0m" 304 -
[2025-09-27 12:19:04,614] INFO in _internal: 127.0.0.1 - - [27/Sep/2025 12:19:04] "[36mGET /static/images/icons/mail.png HTTP/1.1[0m" 304 -
[2025-09-27 12:19:04,619] INFO in _internal: 127.0.0.1 - - [27/Sep/2025 12:19:04] "[36mGET /static/images/icons/phone-call.png HTTP/1.1[0m" 304 -
[2025-09-27 12:19:04,727] INFO in _internal: 127.0.0.1 - - [27/Sep/2025 12:19:04] "[36mGET /static/images/favicon.png HTTP/1.1[0m" 304 -
[2025-09-27 12:20:12,489] INFO in _internal:  * Detected change in 'D:\\Tanvi\\python-assignment\\recipe\\keep_alive.py', reloading
[2025-09-27 12:20:12,598] INFO in _internal:  * Restarting with stat
[2025-09-27 12:20:13,180] WARNING in _internal:  * Debugger is active!
[2025-09-27 12:20:13,182] INFO in _internal:  * Debugger PIN: 293-505-321
[2025-09-27 12:22:04,696] INFO in _internal:  * Detected change in 'D:\\Tanvi\\python-assignment\\recipe\\keep_alive.py', reloading
[2025-09-27 12:22:04,768] INFO in _internal:  * Restarting with stat
[2025-09-27 12:24:16,143] INFO in keep_alive: Starting scheduler...
[2025-09-27 12:24:21,173] INFO in keep_alive: [2025-09-27 12:24:21] Pinging self to stay awake...
[2025-09-27 12:24:22,083] INFO in keep_alive: Response: 200
[2025-09-27 12:24:22,083] INFO in keep_alive: [2025-09-27 12:24:22] Pinged self to stay awake
[2025-09-27 12:24:27,128] INFO in keep_alive: [2025-09-27 12:24:27] Pinging self to stay awake...
[2025-09-27 12:24:27,633] INFO in keep_alive: Response: 200
[2025-09-27 12:24:27,634] INFO in keep_alive: [2025-09-27 12:24:27] Pinged self to stay awake
[2025-09-27 12:24:32,706] INFO in keep_alive: [2025-09-27 12:24:32] Pinging self to stay awake...
[2025-09-27 12:24:33,196] INFO in keep_alive: Response: 200
[2025-09-27 12:24:33,196] INFO in keep_alive: [2025-09-27 12:24:33] Pinged self to stay awake
[2025-09-27 12:24:38,245] INFO in keep_alive: [2025-09-27 12:24:38] Pinging self to stay awake...
[2025-09-27 12:24:39,003] INFO in keep_alive: Response: 200
[2025-09-27 12:24:39,004] INFO in keep_alive: [2025-09-27 12:24:39] Pinged self to stay awake
[2025-09-27 12:24:44,035] INFO in keep_alive: [2025-09-27 12:24:44] Pinging self to stay awake...
[2025-09-27 12:24:44,511] INFO in keep_alive: Response: 200
[2025-09-27 12:24:44,512] INFO in keep_alive: [2025-09-27 12:24:44] Pinged self to stay awake
[2025-09-27 12:24:49,552] INFO in keep_alive: [2025-09-27 12:24:49] Pinging self to stay awake...
[2025-09-27 12:24:50,338] INFO in keep_alive: Response: 200
[2025-09-27 12:24:50,338] INFO in keep_alive: [2025-09-27 12:24:50] Pinged self to stay awake
[2025-09-27 12:24:55,402] INFO in keep_alive: [2025-09-27 12:24:55] Pinging self to stay awake...
[2025-09-27 12:24:55,920] INFO in keep_alive: Response: 200
[2025-09-27 12:24:55,921] INFO in keep_alive: [2025-09-27 12:24:55] Pinged self to stay awake
[2025-09-27 12:25:00,971] INFO in keep_alive: [2025-09-27 12:25:00] Pinging self to stay awake...
[2025-09-27 12:25:01,427] INFO in keep_alive: Response: 200
[2025-09-27 12:25:01,427] INFO in keep_alive: [2025-09-27 12:25:01] Pinged self to stay awake
[2025-09-27 12:25:11,805] INFO in scheduler: Starting scheduler...
[2025-09-27 12:25:16,845] INFO in scheduler: [2025-09-27 12:25:16] Pinging self to stay awake...
[2025-09-27 12:25:17,283] INFO in _internal: [31m[1mWARNING: This is a development server. Do not use it in a production deployment. Use a production WSGI server instead.[0m
 * Running on http://127.0.0.1:5000
[2025-09-27 12:25:17,284] INFO in _internal: [33mPress CTRL+C to quit[0m
[2025-09-27 12:25:17,284] INFO in _internal:  * Restarting with stat
[2025-09-27 12:25:17,324] INFO in scheduler: Response: 200
[2025-09-27 12:25:17,324] INFO in scheduler: [2025-09-27 12:25:17] Pinged self to stay awake
[2025-09-27 12:25:17,723] WARNING in _internal:  * Debugger is active!
[2025-09-27 12:25:17,726] INFO in _internal:  * Debugger PIN: 293-505-321
[2025-09-27 12:25:22,366] INFO in scheduler: [2025-09-27 12:25:22] Pinging self to stay awake...
[2025-09-27 12:25:22,908] INFO in scheduler: Response: 200
[2025-09-27 12:25:22,909] INFO in scheduler: [2025-09-27 12:25:22] Pinged self to stay awake
[2025-09-27 12:25:27,953] INFO in scheduler: [2025-09-27 12:25:27] Pinging self to stay awake...
[2025-09-27 12:25:28,717] INFO in scheduler: Response: 200
[2025-09-27 12:25:28,717] INFO in scheduler: [2025-09-27 12:25:28] Pinged self to stay awake
[2025-09-27 12:25:33,754] INFO in scheduler: [2025-09-27 12:25:33] Pinging self to stay awake...
[2025-09-27 12:25:33,927] INFO in _internal:  * Detected change in 'D:\\Tanvi\\python-assignment\\recipe\\logger.py', reloading
[2025-09-27 12:25:33,996] INFO in _internal:  * Restarting with stat
[2025-09-27 12:25:34,199] INFO in scheduler: Response: 200
[2025-09-27 12:25:34,200] INFO in scheduler: [2025-09-27 12:25:34] Pinged self to stay awake
[2025-09-27 12:25:34,490] WARNING in _internal:  * Debugger is active!
[2025-09-27 12:25:34,492] INFO in _internal:  * Debugger PIN: 293-505-321
[2025-09-27 12:25:39,234] INFO in scheduler: [2025-09-27 12:25:39] Pinging self to stay awake...
[2025-09-27 12:25:40,000] INFO in scheduler: Response: 200
[2025-09-27 12:25:40,000] INFO in scheduler: [2025-09-27 12:25:40] Pinged self to stay awake
[2025-09-27 12:25:45,044] INFO in scheduler: [2025-09-27 12:25:45] Pinging self to stay awake...
[2025-09-27 12:25:45,491] INFO in scheduler: Response: 200
[2025-09-27 12:25:45,492] INFO in scheduler: [2025-09-27 12:25:45] Pinged self to stay awake
[2025-09-27 12:25:50,554] INFO in scheduler: [2025-09-27 12:25:50] Pinging self to stay awake...
[2025-09-27 12:25:51,015] INFO in scheduler: Response: 200
[2025-09-27 12:25:51,016] INFO in scheduler: [2025-09-27 12:25:51] Pinged self to stay awake
[2025-09-27 12:25:56,063] INFO in scheduler: [2025-09-27 12:25:56] Pinging self to stay awake...
[2025-09-27 12:25:56,875] INFO in scheduler: Response: 200
[2025-09-27 12:25:56,875] INFO in scheduler: [2025-09-27 12:25:56] Pinged self to stay awake
[2025-09-27 12:26:01,909] INFO in scheduler: [2025-09-27 12:26:01] Pinging self to stay awake...
[2025-09-27 12:26:02,711] INFO in scheduler: Response: 200
[2025-09-27 12:26:02,712] INFO in scheduler: [2025-09-27 12:26:02] Pinged self to stay awake
[2025-09-27 12:26:07,756] INFO in scheduler: [2025-09-27 12:26:07] Pinging self to stay awake...
[2025-09-27 12:26:08,238] INFO in scheduler: Response: 200
[2025-09-27 12:26:08,238] INFO in scheduler: [2025-09-27 12:26:08] Pinged self to stay awake
[2025-09-27 12:26:13,298] INFO in scheduler: [2025-09-27 12:26:13] Pinging self to stay awake...
[2025-09-27 12:26:13,745] INFO in scheduler: Response: 200
[2025-09-27 12:26:13,746] INFO in scheduler: [2025-09-27 12:26:13] Pinged self to stay awake
[2025-09-27 12:26:18,788] INFO in scheduler: [2025-09-27 12:26:18] Pinging self to stay awake...
[2025-09-27 12:26:19,556] INFO in scheduler: Response: 200
[2025-09-27 12:26:19,556] INFO in scheduler: [2025-09-27 12:26:19] Pinged self to stay awake
[2025-09-27 12:26:24,602] INFO in scheduler: [2025-09-27 12:26:24] Pinging self to stay awake...
[2025-09-27 12:26:25,074] INFO in scheduler: Response: 200
[2025-09-27 12:26:25,074] INFO in scheduler: [2025-09-27 12:26:25] Pinged self to stay awake
[2025-09-27 12:26:30,129] INFO in scheduler: [2025-09-27 12:26:30] Pinging self to stay awake...
[2025-09-27 12:26:30,571] INFO in scheduler: Response: 200
[2025-09-27 12:26:30,573] INFO in scheduler: [2025-09-27 12:26:30] Pinged self to stay awake
[2025-09-27 12:26:35,628] INFO in scheduler: [2025-09-27 12:26:35] Pinging self to stay awake...
[2025-09-27 12:26:36,431] INFO in scheduler: Response: 200
[2025-09-27 12:26:36,432] INFO in scheduler: [2025-09-27 12:26:36] Pinged self to stay awake
[2025-09-27 12:26:41,481] INFO in scheduler: [2025-09-27 12:26:41] Pinging self to stay awake...
[2025-09-27 12:26:41,948] INFO in scheduler: Response: 200
[2025-09-27 12:26:41,948] INFO in scheduler: [2025-09-27 12:26:41] Pinged self to stay awake
[2025-09-27 12:26:46,990] INFO in scheduler: [2025-09-27 12:26:46] Pinging self to stay awake...
[2025-09-27 12:26:47,838] INFO in scheduler: Response: 200
[2025-09-27 12:26:47,838] INFO in scheduler: [2025-09-27 12:26:47] Pinged self to stay awake
[2025-09-27 12:26:52,893] INFO in scheduler: [2025-09-27 12:26:52] Pinging self to stay awake...
[2025-09-27 12:26:53,367] INFO in scheduler: Response: 200
[2025-09-27 12:26:53,367] INFO in scheduler: [2025-09-27 12:26:53] Pinged self to stay awake
[2025-09-27 12:26:58,423] INFO in scheduler: [2025-09-27 12:26:58] Pinging self to stay awake...
[2025-09-27 12:26:58,935] INFO in scheduler: Response: 200
[2025-09-27 12:26:58,936] INFO in scheduler: [2025-09-27 12:26:58] Pinged self to stay awake
[2025-09-27 12:27:03,978] INFO in scheduler: [2025-09-27 12:27:03] Pinging self to stay awake...
[2025-09-27 12:27:04,751] INFO in scheduler: Response: 200
[2025-09-27 12:27:04,752] INFO in scheduler: [2025-09-27 12:27:04] Pinged self to stay awake
[2025-09-27 12:27:09,788] INFO in scheduler: [2025-09-27 12:27:09] Pinging self to stay awake...
[2025-09-27 12:27:10,682] INFO in scheduler: Response: 200
[2025-09-27 12:27:10,682] INFO in scheduler: [2025-09-27 12:27:10] Pinged self to stay awake
[2025-09-27 12:27:15,722] INFO in scheduler: [2025-09-27 12:27:15] Pinging self to stay awake...
[2025-09-27 12:27:16,349] INFO in scheduler: Response: 200
[2025-09-27 12:27:16,350] INFO in scheduler: [2025-09-27 12:27:16] Pinged self to stay awake
[2025-09-27 12:27:21,406] INFO in scheduler: [2025-09-27 12:27:21] Pinging self to stay awake...
[2025-09-27 12:27:22,187] INFO in scheduler: Response: 200
[2025-09-27 12:27:22,188] INFO in scheduler: [2025-09-27 12:27:22] Pinged self to stay awake
[2025-09-27 12:27:27,242] INFO in scheduler: [2025-09-27 12:27:27] Pinging self to stay awake...
[2025-09-27 12:27:27,786] INFO in scheduler: Response: 200
[2025-09-27 12:27:27,786] INFO in scheduler: [2025-09-27 12:27:27] Pinged self to stay awake
[2025-09-27 12:27:32,842] INFO in scheduler: [2025-09-27 12:27:32] Pinging self to stay awake...
[2025-09-27 12:27:33,344] INFO in scheduler: Response: 200
[2025-09-27 12:27:33,344] INFO in scheduler: [2025-09-27 12:27:33] Pinged self to stay awake
[2025-09-27 12:27:38,380] INFO in scheduler: [2025-09-27 12:27:38] Pinging self to stay awake...
[2025-09-27 12:27:39,221] INFO in scheduler: Response: 200
[2025-09-27 12:27:39,221] INFO in scheduler: [2025-09-27 12:27:39] Pinged self to stay awake
[2025-09-27 12:27:44,259] INFO in scheduler: [2025-09-27 12:27:44] Pinging self to stay awake...
[2025-09-27 12:27:44,756] INFO in scheduler: Response: 200
[2025-09-27 12:27:44,756] INFO in scheduler: [2025-09-27 12:27:44] Pinged self to stay awake
[2025-09-27 12:27:49,807] INFO in scheduler: [2025-09-27 12:27:49] Pinging self to stay awake...
[2025-09-27 12:27:50,282] INFO in scheduler: Response: 200
[2025-09-27 12:27:50,282] INFO in scheduler: [2025-09-27 12:27:50] Pinged self to stay awake
[2025-09-27 12:27:55,334] INFO in scheduler: [2025-09-27 12:27:55] Pinging self to stay awake...
[2025-09-27 12:27:56,144] INFO in scheduler: Response: 200
[2025-09-27 12:27:56,145] INFO in scheduler: [2025-09-27 12:27:56] Pinged self to stay awake
[2025-09-27 12:28:01,189] INFO in scheduler: [2025-09-27 12:28:01] Pinging self to stay awake...
[2025-09-27 12:28:01,676] INFO in scheduler: Response: 200
[2025-09-27 12:28:01,677] INFO in scheduler: [2025-09-27 12:28:01] Pinged self to stay awake
[2025-09-27 12:28:06,730] INFO in scheduler: [2025-09-27 12:28:06] Pinging self to stay awake...
[2025-09-27 12:28:07,196] INFO in scheduler: Response: 200
[2025-09-27 12:28:07,197] INFO in scheduler: [2025-09-27 12:28:07] Pinged self to stay awake
[2025-09-27 12:28:12,269] INFO in scheduler: [2025-09-27 12:28:12] Pinging self to stay awake...
[2025-09-27 12:28:12,769] INFO in scheduler: Response: 200
[2025-09-27 12:28:12,769] INFO in scheduler: [2025-09-27 12:28:12] Pinged self to stay awake
[2025-09-27 12:28:17,823] INFO in scheduler: [2025-09-27 12:28:17] Pinging self to stay awake...
[2025-09-27 12:28:18,275] INFO in scheduler: Response: 200
[2025-09-27 12:28:18,275] INFO in scheduler: [2025-09-27 12:28:18] Pinged self to stay awake
[2025-09-27 12:28:23,313] INFO in scheduler: [2025-09-27 12:28:23] Pinging self to stay awake...
[2025-09-27 12:28:24,110] INFO in scheduler: Response: 200
[2025-09-27 12:28:24,111] INFO in scheduler: [2025-09-27 12:28:24] Pinged self to stay awake
[2025-09-27 12:28:29,157] INFO in scheduler: [2025-09-27 12:28:29] Pinging self to stay awake...
[2025-09-27 12:28:29,627] INFO in scheduler: Response: 200
[2025-09-27 12:28:29,627] INFO in scheduler: [2025-09-27 12:28:29] Pinged self to stay awake
[2025-09-27 12:28:34,661] INFO in scheduler: [2025-09-27 12:28:34] Pinging self to stay awake...
[2025-09-27 12:28:35,126] INFO in scheduler: Response: 200
[2025-09-27 12:28:35,127] INFO in scheduler: [2025-09-27 12:28:35] Pinged self to stay awake
[2025-09-27 12:28:40,172] INFO in scheduler: [2025-09-27 12:28:40] Pinging self to stay awake...
[2025-09-27 12:28:40,970] INFO in scheduler: Response: 200
[2025-09-27 12:28:40,970] INFO in scheduler: [2025-09-27 12:28:40] Pinged self to stay awake
[2025-09-27 12:28:46,032] INFO in scheduler: [2025-09-27 12:28:46] Pinging self to stay awake...
[2025-09-27 12:28:46,965] INFO in scheduler: Response: 200
[2025-09-27 12:28:46,966] INFO in scheduler: [2025-09-27 12:28:46] Pinged self to stay awake
[2025-09-27 12:28:52,019] INFO in scheduler: [2025-09-27 12:28:52] Pinging self to stay awake...
[2025-09-27 12:28:52,490] INFO in scheduler: Response: 200
[2025-09-27 12:28:52,491] INFO in scheduler: [2025-09-27 12:28:52] Pinged self to stay awake
[2025-09-27 12:28:57,535] INFO in scheduler: [2025-09-27 12:28:57] Pinging self to stay awake...
[2025-09-27 12:28:58,313] INFO in scheduler: Response: 200
[2025-09-27 12:28:58,314] INFO in scheduler: [2025-09-27 12:28:58] Pinged self to stay awake
[2025-09-27 12:29:03,367] INFO in scheduler: [2025-09-27 12:29:03] Pinging self to stay awake...
[2025-09-27 12:29:04,088] INFO in scheduler: Response: 200
[2025-09-27 12:29:04,090] INFO in scheduler: [2025-09-27 12:29:04] Pinged self to stay awake
[2025-09-27 12:29:09,138] INFO in scheduler: [2025-09-27 12:29:09] Pinging self to stay awake...
[2025-09-27 12:29:10,001] INFO in scheduler: Response: 200
[2025-09-27 12:29:10,002] INFO in scheduler: [2025-09-27 12:29:10] Pinged self to stay awake
[2025-09-27 12:29:15,036] INFO in scheduler: [2025-09-27 12:29:15] Pinging self to stay awake...
[2025-09-27 12:29:15,537] INFO in scheduler: Response: 200
[2025-09-27 12:29:15,538] INFO in scheduler: [2025-09-27 12:29:15] Pinged self to stay awake
[2025-09-27 12:29:20,578] INFO in scheduler: [2025-09-27 12:29:20] Pinging self to stay awake...
[2025-09-27 12:29:21,043] INFO in scheduler: Response: 200
[2025-09-27 12:29:21,043] INFO in scheduler: [2025-09-27 12:29:21] Pinged self to stay awake
[2025-09-27 12:29:26,094] INFO in scheduler: [2025-09-27 12:29:26] Pinging self to stay awake...
[2025-09-27 12:29:26,600] INFO in scheduler: Response: 200
[2025-09-27 12:29:26,602] INFO in scheduler: [2025-09-27 12:29:26] Pinged self to stay awake
[2025-09-27 12:29:31,639] INFO in scheduler: [2025-09-27 12:29:31] Pinging self to stay awake...
[2025-09-27 12:29:32,133] INFO in scheduler: Response: 200
[2025-09-27 12:29:32,134] INFO in scheduler: [2025-09-27 12:29:32] Pinged self to stay awake
[2025-09-27 12:29:37,190] INFO in scheduler: [2025-09-27 12:29:37] Pinging self to stay awake...
[2025-09-27 12:29:38,039] INFO in scheduler: Response: 200
[2025-09-27 12:29:38,039] INFO in scheduler: [2025-09-27 12:29:38] Pinged self to stay awake
[2025-09-27 12:29:43,075] INFO in scheduler: [2025-09-27 12:29:43] Pinging self to stay awake...
[2025-09-27 12:29:43,529] INFO in scheduler: Response: 200
[2025-09-27 12:29:43,530] INFO in scheduler: [2025-09-27 12:29:43] Pinged self to stay awake
[2025-09-27 12:29:48,569] INFO in scheduler: [2025-09-27 12:29:48] Pinging self to stay awake...
[2025-09-27 12:29:49,365] INFO in scheduler: Response: 200
[2025-09-27 12:29:49,365] INFO in scheduler: [2025-09-27 12:29:49] Pinged self to stay awake
[2025-09-27 12:29:54,406] INFO in scheduler: [2025-09-27 12:29:54] Pinging self to stay awake...
[2025-09-27 12:29:55,273] INFO in scheduler: Response: 200
[2025-09-27 12:29:55,273] INFO in scheduler: [2025-09-27 12:29:55] Pinged self to stay awake
[2025-09-27 12:30:00,334] INFO in scheduler: [2025-09-27 12:30:00] Pinging self to stay awake...
[2025-09-27 12:30:00,791] INFO in scheduler: Response: 200
[2025-09-27 12:30:00,791] INFO in scheduler: [2025-09-27 12:30:00] Pinged self to stay awake
[2025-09-27 12:30:05,833] INFO in scheduler: [2025-09-27 12:30:05] Pinging self to stay awake...
[2025-09-27 12:30:06,378] INFO in scheduler: Response: 200
[2025-09-27 12:30:06,378] INFO in scheduler: [2025-09-27 12:30:06] Pinged self to stay awake
[2025-09-27 12:30:11,410] INFO in scheduler: [2025-09-27 12:30:11] Pinging self to stay awake...
[2025-09-27 12:30:12,189] INFO in scheduler: Response: 200
[2025-09-27 12:30:12,189] INFO in scheduler: [2025-09-27 12:30:12] Pinged self to stay awake
[2025-09-27 12:30:45,702] INFO in _internal:  * Detected change in 'D:\\Tanvi\\python-assignment\\recipe\\scheduler.py', reloading
[2025-09-27 12:30:45,809] INFO in _internal:  * Restarting with stat
[2025-09-27 12:30:46,367] WARNING in _internal:  * Debugger is active!
[2025-09-27 12:30:46,369] INFO in _internal:  * Debugger PIN: 293-505-321
